# JRE version: OpenJDK Runtime Environment Temurin-21.0.11+10 (21.0.11+10) (build 21.0.11+10-LTS)
# Java VM: OpenJDK 64-Bit Server VM Temurin-21.0.11+10 (21.0.11+10-LTS, mixed mode, sharing, tiered, compressed oops, compressed class ptrs, parallel gc, windows-amd64)
GC Precious Log:
 CardTable entry size: 512
 CPUs: 8 total, 8 available
 Memory: 16221M
 Large Page Support: Disabled
 NUMA Support: Disabled
 Compressed Oops: Enabled (32-bit)
 Alignments: Space 512K, Generation 512K, Heap 2M
 Heap Min Capacity: 100M
 Heap Initial Capacity: 100M
 Heap Max Capacity: 2G
 Pre-touch: Disabled
 Parallel Workers: 8
Heap:
 PSYoungGen      total 6656K, used 2351K [0x00000000d5580000, 0x00000000d5c80000, 0x0000000100000000)
  eden space 5632K, 38% used [0x00000000d5580000,0x00000000d579bea0,0x00000000d5b00000)
  from space 1024K, 18% used [0x00000000d5b00000,0x00000000d5b30000,0x00000000d5c00000)
  to   space 512K, 0% used [0x00000000d5c00000,0x00000000d5c00000,0x00000000d5c80000)
 ParOldGen       total 542720K, used 542275K [0x0000000080000000, 0x00000000a1200000, 0x00000000d5580000)
  object space 542720K, 99% used [0x0000000080000000,0x00000000a1190d00,0x00000000a1200000)
 Metaspace       used 93741K, committed 95424K, reserved 1179648K
  class space    used 9579K, committed 10368K, reserved 1048576K
GC Heap History (20 events):
Event: 31289.940 GC heap before
{Heap before GC invocations=1463 (full 5):
 PSYoungGen      total 8192K, used 7776K [0x00000000d5580000, 0x00000000d5f00000, 0x0000000100000000)
  eden space 6656K, 100% used [0x00000000d5580000,0x00000000d5c00000,0x00000000d5c00000)
  from space 1536K, 72% used [0x00000000d5c00000,0x00000000d5d18000,0x00000000d5d80000)
  to   space 1536K, 0% used [0x00000000d5d80000,0x00000000d5d80000,0x00000000d5f00000)
 ParOldGen       total 534528K, used 534222K [0x0000000080000000, 0x00000000a0a00000, 0x00000000d5580000)
  object space 534528K, 99% used [0x0000000080000000,0x00000000a09b3898,0x00000000a0a00000)
 Metaspace       used 93678K, committed 95424K, reserved 1179648K
  class space    used 9577K, committed 10368K, reserved 1048576K
}
Event: 31289.944 GC heap after
{Heap after GC invocations=1463 (full 5):
 PSYoungGen      total 8192K, used 1125K [0x00000000d5580000, 0x00000000d5f00000, 0x0000000100000000)
  eden space 6656K, 0% used [0x00000000d5580000,0x00000000d5580000,0x00000000d5c00000)
  from space 1536K, 73% used [0x00000000d5d80000,0x00000000d5e997e8,0x00000000d5f00000)
  to   space 1536K, 0% used [0x00000000d5c00000,0x00000000d5c00000,0x00000000d5d80000)
 ParOldGen       total 535552K, used 535262K [0x0000000080000000, 0x00000000a0b00000, 0x00000000d5580000)
  object space 535552K, 99% used [0x0000000080000000,0x00000000a0ab78d8,0x00000000a0b00000)
 Metaspace       used 93678K, committed 95424K, reserved 1179648K
  class space    used 9577K, committed 10368K, reserved 1048576K
}
Event: 31289.968 GC heap before
{Heap before GC invocations=1464 (full 5):
 PSYoungGen      total 8192K, used 7781K [0x00000000d5580000, 0x00000000d5f00000, 0x0000000100000000)
  eden space 6656K, 100% used [0x00000000d5580000,0x00000000d5c00000,0x00000000d5c00000)
  from space 1536K, 73% used [0x00000000d5d80000,0x00000000d5e997e8,0x00000000d5f00000)
  to   space 1536K, 0% used [0x00000000d5c00000,0x00000000d5c00000,0x00000000d5d80000)
 ParOldGen       total 535552K, used 535262K [0x0000000080000000, 0x00000000a0b00000, 0x00000000d5580000)
  object space 535552K, 99% used [0x0000000080000000,0x00000000a0ab78d8,0x00000000a0b00000)
 Metaspace       used 93679K, committed 95424K, reserved 1179648K
  class space    used 9577K, committed 10368K, reserved 1048576K
}
Event: 31289.971 GC heap after
{Heap after GC invocations=1464 (full 5):
 PSYoungGen      total 7680K, used 896K [0x00000000d5580000, 0x00000000d5e00000, 0x0000000100000000)
  eden space 6656K, 0% used [0x00000000d5580000,0x00000000d5580000,0x00000000d5c00000)
  from space 1024K, 87% used [0x00000000d5c00000,0x00000000d5ce0000,0x00000000d5d00000)
  to   space 1024K, 0% used [0x00000000d5d00000,0x00000000d5d00000,0x00000000d5e00000)
 ParOldGen       total 536576K, used 536276K [0x0000000080000000, 0x00000000a0c00000, 0x00000000d5580000)
  object space 536576K, 99% used [0x0000000080000000,0x00000000a0bb50c0,0x00000000a0c00000)
 Metaspace       used 93679K, committed 95424K, reserved 1179648K
  class space    used 9577K, committed 10368K, reserved 1048576K
}
Event: 31290.218 GC heap before
{Heap before GC invocations=1465 (full 5):
 PSYoungGen      total 7680K, used 7552K [0x00000000d5580000, 0x00000000d5e00000, 0x0000000100000000)
  eden space 6656K, 100% used [0x00000000d5580000,0x00000000d5c00000,0x00000000d5c00000)
  from space 1024K, 87% used [0x00000000d5c00000,0x00000000d5ce0000,0x00000000d5d00000)
  to   space 1024K, 0% used [0x00000000d5d00000,0x00000000d5d00000,0x00000000d5e00000)
 ParOldGen       total 536576K, used 536276K [0x0000000080000000, 0x00000000a0c00000, 0x00000000d5580000)
  object space 536576K, 99% used [0x0000000080000000,0x00000000a0bb50c0,0x00000000a0c00000)
 Metaspace       used 93682K, committed 95424K, reserved 1179648K
  class space    used 9577K, committed 10368K, reserved 1048576K
}
Event: 31290.224 GC heap after
{Heap after GC invocations=1465 (full 5):
 PSYoungGen      total 6656K, used 997K [0x00000000d5580000, 0x00000000d6000000, 0x0000000100000000)
  eden space 5632K, 0% used [0x00000000d5580000,0x00000000d5580000,0x00000000d5b00000)
  from space 1024K, 97% used [0x00000000d5d00000,0x00000000d5df97c8,0x00000000d5e00000)
  to   space 2048K, 0% used [0x00000000d5b00000,0x00000000d5b00000,0x00000000d5d00000)
 ParOldGen       total 537088K, used 537060K [0x0000000080000000, 0x00000000a0c80000, 0x00000000d5580000)
  object space 537088K, 99% used [0x0000000080000000,0x00000000a0c79100,0x00000000a0c80000)
 Metaspace       used 93682K, committed 95424K, reserved 1179648K
  class space    used 9577K, committed 10368K, reserved 1048576K
}
Event: 31290.286 GC heap before
{Heap before GC invocations=1466 (full 5):
 PSYoungGen      total 6656K, used 6629K [0x00000000d5580000, 0x00000000d6000000, 0x0000000100000000)
  eden space 5632K, 100% used [0x00000000d5580000,0x00000000d5b00000,0x00000000d5b00000)
  from space 1024K, 97% used [0x00000000d5d00000,0x00000000d5df97c8,0x00000000d5e00000)
  to   space 2048K, 0% used [0x00000000d5b00000,0x00000000d5b00000,0x00000000d5d00000)
 ParOldGen       total 537088K, used 537060K [0x0000000080000000, 0x00000000a0c80000, 0x00000000d5580000)
  object space 537088K, 99% used [0x0000000080000000,0x00000000a0c79100,0x00000000a0c80000)
 Metaspace       used 93684K, committed 95424K, reserved 1179648K
  class space    used 9577K, committed 10368K, reserved 1048576K
}
Event: 31290.294 GC heap after
{Heap after GC invocations=1466 (full 5):
 PSYoungGen      total 6656K, used 858K [0x00000000d5580000, 0x00000000d5e00000, 0x0000000100000000)
  eden space 5632K, 0% used [0x00000000d5580000,0x00000000d5580000,0x00000000d5b00000)
  from space 1024K, 83% used [0x00000000d5b00000,0x00000000d5bd6900,0x00000000d5c00000)
  to   space 1536K, 0% used [0x00000000d5c80000,0x00000000d5c80000,0x00000000d5e00000)
 ParOldGen       total 538112K, used 538010K [0x0000000080000000, 0x00000000a0d80000, 0x00000000d5580000)
  object space 538112K, 99% used [0x0000000080000000,0x00000000a0d668e8,0x00000000a0d80000)
 Metaspace       used 93684K, committed 95424K, reserved 1179648K
  class space    used 9577K, committed 10368K, reserved 1048576K
}
Event: 31290.333 GC heap before
{Heap before GC invocations=1467 (full 5):
 PSYoungGen      total 6656K, used 6490K [0x00000000d5580000, 0x00000000d5e00000, 0x0000000100000000)
  eden space 5632K, 100% used [0x00000000d5580000,0x00000000d5b00000,0x00000000d5b00000)
  from space 1024K, 83% used [0x00000000d5b00000,0x00000000d5bd6900,0x00000000d5c00000)
  to   space 1536K, 0% used [0x00000000d5c80000,0x00000000d5c80000,0x00000000d5e00000)
 ParOldGen       total 538112K, used 538010K [0x0000000080000000, 0x00000000a0d80000, 0x00000000d5580000)
  object space 538112K, 99% used [0x0000000080000000,0x00000000a0d668e8,0x00000000a0d80000)
 Metaspace       used 93685K, committed 95424K, reserved 1179648K
  class space    used 9577K, committed 10368K, reserved 1048576K
}
Event: 31290.350 GC heap after
{Heap after GC invocations=1467 (full 5):
 PSYoungGen      total 6656K, used 897K [0x00000000d5580000, 0x00000000d5d80000, 0x0000000100000000)
  eden space 5632K, 0% used [0x00000000d5580000,0x00000000d5580000,0x00000000d5b00000)
  from space 1024K, 87% used [0x00000000d5c80000,0x00000000d5d605d8,0x00000000d5d80000)
  to   space 1024K, 0% used [0x00000000d5b00000,0x00000000d5b00000,0x00000000d5c00000)
 ParOldGen       total 539136K, used 538680K [0x0000000080000000, 0x00000000a0e80000, 0x00000000d5580000)
  object space 539136K, 99% used [0x0000000080000000,0x00000000a0e0e0f0,0x00000000a0e80000)
 Metaspace       used 93685K, committed 95424K, reserved 1179648K
  class space    used 9577K, committed 10368K, reserved 1048576K
}
Event: 31290.580 GC heap before
{Heap before GC invocations=1468 (full 5):
 PSYoungGen      total 6656K, used 6529K [0x00000000d5580000, 0x00000000d5d80000, 0x0000000100000000)
  eden space 5632K, 100% used [0x00000000d5580000,0x00000000d5b00000,0x00000000d5b00000)
  from space 1024K, 87% used [0x00000000d5c80000,0x00000000d5d605d8,0x00000000d5d80000)
  to   space 1024K, 0% used [0x00000000d5b00000,0x00000000d5b00000,0x00000000d5c00000)
 ParOldGen       total 539136K, used 538680K [0x0000000080000000, 0x00000000a0e80000, 0x00000000d5580000)
  object space 539136K, 99% used [0x0000000080000000,0x00000000a0e0e0f0,0x00000000a0e80000)
 Metaspace       used 93691K, committed 95424K, reserved 1179648K
  class space    used 9577K, committed 10368K, reserved 1048576K
}
Event: 31290.582 GC heap after
{Heap after GC invocations=1468 (full 5):
 PSYoungGen      total 6656K, used 640K [0x00000000d5580000, 0x00000000d5d00000, 0x0000000100000000)
  eden space 5632K, 0% used [0x00000000d5580000,0x00000000d5580000,0x00000000d5b00000)
  from space 1024K, 62% used [0x00000000d5b00000,0x00000000d5ba0000,0x00000000d5c00000)
  to   space 1024K, 0% used [0x00000000d5c00000,0x00000000d5c00000,0x00000000d5d00000)
 ParOldGen       total 539648K, used 539489K [0x0000000080000000, 0x00000000a0f00000, 0x00000000d5580000)
  object space 539648K, 99% used [0x0000000080000000,0x00000000a0ed86f8,0x00000000a0f00000)
 Metaspace       used 93691K, committed 95424K, reserved 1179648K
  class space    used 9577K, committed 10368K, reserved 1048576K
}
Event: 31290.687 GC heap before
{Heap before GC invocations=1469 (full 5):
 PSYoungGen      total 6656K, used 6272K [0x00000000d5580000, 0x00000000d5d00000, 0x0000000100000000)
  eden space 5632K, 100% used [0x00000000d5580000,0x00000000d5b00000,0x00000000d5b00000)
  from space 1024K, 62% used [0x00000000d5b00000,0x00000000d5ba0000,0x00000000d5c00000)
  to   space 1024K, 0% used [0x00000000d5c00000,0x00000000d5c00000,0x00000000d5d00000)
 ParOldGen       total 539648K, used 539489K [0x0000000080000000, 0x00000000a0f00000, 0x00000000d5580000)
  object space 539648K, 99% used [0x0000000080000000,0x00000000a0ed86f8,0x00000000a0f00000)
 Metaspace       used 93704K, committed 95424K, reserved 1179648K
  class space    used 9579K, committed 10368K, reserved 1048576K
}
Event: 31290.689 GC heap after
{Heap after GC invocations=1469 (full 5):
 PSYoungGen      total 6656K, used 810K [0x00000000d5580000, 0x00000000d5d00000, 0x0000000100000000)
  eden space 5632K, 0% used [0x00000000d5580000,0x00000000d5580000,0x00000000d5b00000)
  from space 1024K, 79% used [0x00000000d5c00000,0x00000000d5cca910,0x00000000d5d00000)
  to   space 1024K, 0% used [0x00000000d5b00000,0x00000000d5b00000,0x00000000d5c00000)
 ParOldGen       total 540160K, used 540094K [0x0000000080000000, 0x00000000a0f80000, 0x00000000d5580000)
  object space 540160K, 99% used [0x0000000080000000,0x00000000a0f6f870,0x00000000a0f80000)
 Metaspace       used 93704K, committed 95424K, reserved 1179648K
  class space    used 9579K, committed 10368K, reserved 1048576K
}
Event: 31290.699 GC heap before
{Heap before GC invocations=1470 (full 5):
 PSYoungGen      total 6656K, used 6442K [0x00000000d5580000, 0x00000000d5d00000, 0x0000000100000000)
  eden space 5632K, 100% used [0x00000000d5580000,0x00000000d5b00000,0x00000000d5b00000)
  from space 1024K, 79% used [0x00000000d5c00000,0x00000000d5cca910,0x00000000d5d00000)
  to   space 1024K, 0% used [0x00000000d5b00000,0x00000000d5b00000,0x00000000d5c00000)
 ParOldGen       total 540160K, used 540094K [0x0000000080000000, 0x00000000a0f80000, 0x00000000d5580000)
  object space 540160K, 99% used [0x0000000080000000,0x00000000a0f6f870,0x00000000a0f80000)
 Metaspace       used 93704K, committed 95424K, reserved 1179648K
  class space    used 9579K, committed 10368K, reserved 1048576K
}
Event: 31290.701 GC heap after
{Heap after GC invocations=1470 (full 5):
 PSYoungGen      total 6656K, used 864K [0x00000000d5580000, 0x00000000d5d00000, 0x0000000100000000)
  eden space 5632K, 0% used [0x00000000d5580000,0x00000000d5580000,0x00000000d5b00000)
  from space 1024K, 84% used [0x00000000d5b00000,0x00000000d5bd8020,0x00000000d5c00000)
  to   space 1024K, 0% used [0x00000000d5c00000,0x00000000d5c00000,0x00000000d5d00000)
 ParOldGen       total 541184K, used 540681K [0x0000000080000000, 0x00000000a1080000, 0x00000000d5580000)
  object space 541184K, 99% used [0x0000000080000000,0x00000000a1002570,0x00000000a1080000)
 Metaspace       used 93704K, committed 95424K, reserved 1179648K
  class space    used 9579K, committed 10368K, reserved 1048576K
}
Event: 31290.729 GC heap before
{Heap before GC invocations=1471 (full 5):
 PSYoungGen      total 6656K, used 6496K [0x00000000d5580000, 0x00000000d5d00000, 0x0000000100000000)
  eden space 5632K, 100% used [0x00000000d5580000,0x00000000d5b00000,0x00000000d5b00000)
  from space 1024K, 84% used [0x00000000d5b00000,0x00000000d5bd8020,0x00000000d5c00000)
  to   space 1024K, 0% used [0x00000000d5c00000,0x00000000d5c00000,0x00000000d5d00000)
 ParOldGen       total 541184K, used 540681K [0x0000000080000000, 0x00000000a1080000, 0x00000000d5580000)
  object space 541184K, 99% used [0x0000000080000000,0x00000000a1002570,0x00000000a1080000)
 Metaspace       used 93720K, committed 95424K, reserved 1179648K
  class space    used 9579K, committed 10368K, reserved 1048576K
}
Event: 31290.733 GC heap after
{Heap after GC invocations=1471 (full 5):
 PSYoungGen      total 6656K, used 896K [0x00000000d5580000, 0x00000000d5d00000, 0x0000000100000000)
  eden space 5632K, 0% used [0x00000000d5580000,0x00000000d5580000,0x00000000d5b00000)
  from space 1024K, 87% used [0x00000000d5c00000,0x00000000d5ce0000,0x00000000d5d00000)
  to   space 1024K, 0% used [0x00000000d5b00000,0x00000000d5b00000,0x00000000d5c00000)
 ParOldGen       total 541696K, used 541457K [0x0000000080000000, 0x00000000a1100000, 0x00000000d5580000)
  object space 541696K, 99% used [0x0000000080000000,0x00000000a10c45d0,0x00000000a1100000)
 Metaspace       used 93720K, committed 95424K, reserved 1179648K
  class space    used 9579K, committed 10368K, reserved 1048576K
}
Event: 31415.564 GC heap before
{Heap before GC invocations=1472 (full 5):
 PSYoungGen      total 6656K, used 6527K [0x00000000d5580000, 0x00000000d5d00000, 0x0000000100000000)
  eden space 5632K, 99% used [0x00000000d5580000,0x00000000d5affdc0,0x00000000d5b00000)
  from space 1024K, 87% used [0x00000000d5c00000,0x00000000d5ce0000,0x00000000d5d00000)
  to   space 1024K, 0% used [0x00000000d5b00000,0x00000000d5b00000,0x00000000d5c00000)
 ParOldGen       total 541696K, used 541457K [0x0000000080000000, 0x00000000a1100000, 0x00000000d5580000)
  object space 541696K, 99% used [0x0000000080000000,0x00000000a10c45d0,0x00000000a1100000)
 Metaspace       used 93737K, committed 95424K, reserved 1179648K
  class space    used 9579K, committed 10368K, reserved 1048576K
}
Event: 31415.572 GC heap after
{Heap after GC invocations=1472 (full 5):
 PSYoungGen      total 6656K, used 192K [0x00000000d5580000, 0x00000000d5c80000, 0x0000000100000000)
  eden space 5632K, 0% used [0x00000000d5580000,0x00000000d5580000,0x00000000d5b00000)
  from space 1024K, 18% used [0x00000000d5b00000,0x00000000d5b30000,0x00000000d5c00000)
  to   space 512K, 0% used [0x00000000d5c00000,0x00000000d5c00000,0x00000000d5c80000)
 ParOldGen       total 542720K, used 542275K [0x0000000080000000, 0x00000000a1200000, 0x00000000d5580000)
  object space 542720K, 99% used [0x0000000080000000,0x00000000a1190d00,0x00000000a1200000)
 Metaspace       used 93737K, committed 95424K, reserved 1179648K
  class space    used 9579K, committed 10368K, reserved 1048576K
}

