# JRE version: OpenJDK Runtime Environment Temurin-17.0.15+6 (17.0.15+6) (build 17.0.15+6)
# Java VM: OpenJDK 64-Bit Server VM Temurin-17.0.15+6 (17.0.15+6, mixed mode, sharing, tiered, compressed oops, compressed class ptrs, g1 gc, windows-amd64)
GC Precious Log:
 CPUs: 8 total, 8 available
 Memory: 16221M
 Large Page Support: Disabled
 NUMA Support: Disabled
 Compressed Oops: Enabled (Zero based)
 Heap Region Size: 2M
 Heap Min Capacity: 8M
 Heap Initial Capacity: 254M
 Heap Max Capacity: 4056M
 Pre-touch: Disabled
 Parallel Workers: 8
 Concurrent Workers: 2
 Concurrent Refinement Workers: 8
 Periodic GC: Disabled
Heap:
 garbage-first heap   total 215040K, used 73482K [0x0000000702800000, 0x0000000800000000)
  region size 2048K, 5 young (10240K), 5 survivors (10240K)
 Metaspace       used 34371K, committed 34816K, reserved 1114112K
  class space    used 3784K, committed 4032K, reserved 1048576K
GC Heap History (20 events):
Event: 19.655 GC heap after
{Heap after GC invocations=14 (full 0):
 garbage-first heap   total 178176K, used 65463K [0x0000000702800000, 0x0000000800000000)
  region size 2048K, 3 young (6144K), 3 survivors (6144K)
 Metaspace       used 33441K, committed 33856K, reserved 1114112K
  class space    used 3755K, committed 3904K, reserved 1048576K
}
Event: 20.831 GC heap before
{Heap before GC invocations=14 (full 0):
 garbage-first heap   total 178176K, used 141239K [0x0000000702800000, 0x0000000800000000)
  region size 2048K, 39 young (79872K), 3 survivors (6144K)
 Metaspace       used 34440K, committed 34816K, reserved 1114112K
  class space    used 3863K, committed 4032K, reserved 1048576K
}
Event: 20.852 GC heap after
{Heap after GC invocations=15 (full 0):
 garbage-first heap   total 178176K, used 84969K [0x0000000702800000, 0x0000000800000000)
  region size 2048K, 5 young (10240K), 5 survivors (10240K)
 Metaspace       used 34440K, committed 34816K, reserved 1114112K
  class space    used 3863K, committed 4032K, reserved 1048576K
}
Event: 21.668 GC heap before
{Heap before GC invocations=15 (full 0):
 garbage-first heap   total 178176K, used 138217K [0x0000000702800000, 0x0000000800000000)
  region size 2048K, 31 young (63488K), 5 survivors (10240K)
 Metaspace       used 35547K, committed 35904K, reserved 1114112K
  class space    used 3984K, committed 4160K, reserved 1048576K
}
Event: 21.682 GC heap after
{Heap after GC invocations=16 (full 0):
 garbage-first heap   total 178176K, used 85528K [0x0000000702800000, 0x0000000800000000)
  region size 2048K, 2 young (4096K), 2 survivors (4096K)
 Metaspace       used 35547K, committed 35904K, reserved 1114112K
  class space    used 3984K, committed 4160K, reserved 1048576K
}
Event: 22.703 GC heap before
{Heap before GC invocations=16 (full 0):
 garbage-first heap   total 178176K, used 95768K [0x0000000702800000, 0x0000000800000000)
  region size 2048K, 8 young (16384K), 2 survivors (4096K)
 Metaspace       used 35586K, committed 35968K, reserved 1114112K
  class space    used 3984K, committed 4160K, reserved 1048576K
}
Event: 22.708 GC heap after
{Heap after GC invocations=17 (full 0):
 garbage-first heap   total 178176K, used 84840K [0x0000000702800000, 0x0000000800000000)
  region size 2048K, 2 young (4096K), 2 survivors (4096K)
 Metaspace       used 35586K, committed 35968K, reserved 1114112K
  class space    used 3984K, committed 4160K, reserved 1048576K
}
Event: 23.292 GC heap before
{Heap before GC invocations=18 (full 0):
 garbage-first heap   total 178176K, used 144232K [0x0000000702800000, 0x0000000800000000)
  region size 2048K, 30 young (61440K), 2 survivors (4096K)
 Metaspace       used 32107K, committed 33600K, reserved 1114112K
  class space    used 3561K, committed 4032K, reserved 1048576K
}
Event: 23.308 GC heap after
{Heap after GC invocations=19 (full 0):
 garbage-first heap   total 178176K, used 103527K [0x0000000702800000, 0x0000000800000000)
  region size 2048K, 4 young (8192K), 4 survivors (8192K)
 Metaspace       used 32107K, committed 33600K, reserved 1114112K
  class space    used 3561K, committed 4032K, reserved 1048576K
}
Event: 23.407 GC heap before
{Heap before GC invocations=19 (full 0):
 garbage-first heap   total 178176K, used 105575K [0x0000000702800000, 0x0000000800000000)
  region size 2048K, 5 young (10240K), 4 survivors (8192K)
 Metaspace       used 32218K, committed 33600K, reserved 1114112K
  class space    used 3574K, committed 4032K, reserved 1048576K
}
Event: 23.418 GC heap after
{Heap after GC invocations=20 (full 0):
 garbage-first heap   total 215040K, used 85388K [0x0000000702800000, 0x0000000800000000)
  region size 2048K, 1 young (2048K), 1 survivors (2048K)
 Metaspace       used 32218K, committed 33600K, reserved 1114112K
  class space    used 3574K, committed 4032K, reserved 1048576K
}
Event: 23.647 GC heap before
{Heap before GC invocations=20 (full 0):
 garbage-first heap   total 215040K, used 93580K [0x0000000702800000, 0x0000000800000000)
  region size 2048K, 5 young (10240K), 1 survivors (2048K)
 Metaspace       used 32547K, committed 33600K, reserved 1114112K
  class space    used 3621K, committed 4032K, reserved 1048576K
}
Event: 23.652 GC heap after
{Heap after GC invocations=21 (full 0):
 garbage-first heap   total 215040K, used 65371K [0x0000000702800000, 0x0000000800000000)
  region size 2048K, 1 young (2048K), 1 survivors (2048K)
 Metaspace       used 32547K, committed 33600K, reserved 1114112K
  class space    used 3621K, committed 4032K, reserved 1048576K
}
Event: 24.547 GC heap before
{Heap before GC invocations=21 (full 0):
 garbage-first heap   total 215040K, used 139099K [0x0000000702800000, 0x0000000800000000)
  region size 2048K, 37 young (75776K), 1 survivors (2048K)
 Metaspace       used 33879K, committed 34368K, reserved 1114112K
  class space    used 3765K, committed 4032K, reserved 1048576K
}
Event: 24.552 GC heap after
{Heap after GC invocations=22 (full 0):
 garbage-first heap   total 215040K, used 67935K [0x0000000702800000, 0x0000000800000000)
  region size 2048K, 2 young (4096K), 2 survivors (4096K)
 Metaspace       used 33879K, committed 34368K, reserved 1114112K
  class space    used 3765K, committed 4032K, reserved 1048576K
}
Event: 24.957 GC heap before
{Heap before GC invocations=22 (full 0):
 garbage-first heap   total 215040K, used 145759K [0x0000000702800000, 0x0000000800000000)
  region size 2048K, 40 young (81920K), 2 survivors (4096K)
 Metaspace       used 33950K, committed 34432K, reserved 1114112K
  class space    used 3768K, committed 4032K, reserved 1048576K
}
Event: 24.965 GC heap after
{Heap after GC invocations=23 (full 0):
 garbage-first heap   total 215040K, used 70523K [0x0000000702800000, 0x0000000800000000)
  region size 2048K, 3 young (6144K), 3 survivors (6144K)
 Metaspace       used 33950K, committed 34432K, reserved 1114112K
  class space    used 3768K, committed 4032K, reserved 1048576K
}
Event: 25.458 GC heap before
{Heap before GC invocations=23 (full 0):
 garbage-first heap   total 215040K, used 152443K [0x0000000702800000, 0x0000000800000000)
  region size 2048K, 43 young (88064K), 3 survivors (6144K)
 Metaspace       used 34014K, committed 34496K, reserved 1114112K
  class space    used 3768K, committed 4032K, reserved 1048576K
}
Event: 25.467 GC heap after
{Heap after GC invocations=24 (full 0):
 garbage-first heap   total 215040K, used 71883K [0x0000000702800000, 0x0000000800000000)
  region size 2048K, 4 young (8192K), 4 survivors (8192K)
 Metaspace       used 34014K, committed 34496K, reserved 1114112K
  class space    used 3768K, committed 4032K, reserved 1048576K
}
Event: 27.023 GC heap before
{Heap before GC invocations=24 (full 0):
 garbage-first heap   total 215040K, used 155851K [0x0000000702800000, 0x0000000800000000)
  region size 2048K, 45 young (92160K), 4 survivors (8192K)
 Metaspace       used 34371K, committed 34816K, reserved 1114112K
  class space    used 3784K, committed 4032K, reserved 1048576K
}

